build/app/intermediates/manifest_merge_blame_file/release/manifest-merger-blame-release-report.txt
1<?xml version="1.0" encoding="utf-8"?>
2<manifest xmlns:android="http://schemas.android.com/apk/res/android"
3    package="com.example.b"
4    android:versionCode="1"
5    android:versionName="1.0.0" >
6
7    <uses-sdk
8        android:minSdkVersion="21"
8-->src\main\AndroidManifest.xml
9        android:targetSdkVersion="31" />
9-->src\main\AndroidManifest.xml
10
11    <uses-permission android:name="android.permission.ACCESS_NETWORK_STATE" />
11-->[:firebase_analytics] AndroidManifest.xml:7:5-79
11-->[:firebase_analytics] AndroidManifest.xml:7:22-76
12    <uses-permission android:name="android.permission.INTERNET" />
12-->[:firebase_analytics] AndroidManifest.xml:8:5-67
12-->[:firebase_analytics] AndroidManifest.xml:8:22-64
13    <uses-permission android:name="android.permission.WAKE_LOCK" />
13-->[:firebase_analytics] AndroidManifest.xml:9:5-68
13-->[:firebase_analytics] AndroidManifest.xml:9:22-65
14    <uses-permission android:name="android.permission.RECEIVE_BOOT_COMPLETED" />
14-->[:flutter_local_notifications] AndroidManifest.xml:7:5-81
14-->[:flutter_local_notifications] AndroidManifest.xml:7:22-78
15    <uses-permission android:name="android.permission.VIBRATE" />
15-->[:flutter_local_notifications] AndroidManifest.xml:8:5-66
15-->[:flutter_local_notifications] AndroidManifest.xml:8:22-63
16    <uses-permission android:name="android.permission.USE_FULL_SCREEN_INTENT" />
16-->[:flutter_local_notifications] AndroidManifest.xml:9:5-81
16-->[:flutter_local_notifications] AndroidManifest.xml:9:22-78
17    <uses-permission android:name="android.permission.SCHEDULE_EXACT_ALARM" /> <!-- Create a unique permission for your app and use it so only your app can receive your OneSignal messages. -->
17-->[:flutter_local_notifications] AndroidManifest.xml:10:5-79
17-->[:flutter_local_notifications] AndroidManifest.xml:10:22-76
18    <permission
18-->[com.onesignal:OneSignal:4.6.2] AndroidManifest.xml:7:5-9:47
19        android:name="com.example.b.permission.C2D_MESSAGE"
19-->[com.onesignal:OneSignal:4.6.2] AndroidManifest.xml:8:9-63
20        android:protectionLevel="signature" />
20-->[com.onesignal:OneSignal:4.6.2] AndroidManifest.xml:9:9-44
21
22    <uses-permission android:name="com.example.b.permission.C2D_MESSAGE" /> <!-- c2dm RECEIVE are basic requirements for push messages through Google's FCM -->
22-->[com.onesignal:OneSignal:4.6.2] AndroidManifest.xml:11:5-79
22-->[com.onesignal:OneSignal:4.6.2] AndroidManifest.xml:11:22-76
23    <uses-permission android:name="com.google.android.c2dm.permission.RECEIVE" /> <!-- START: ShortcutBadger -->
23-->[com.onesignal:OneSignal:4.6.2] AndroidManifest.xml:17:5-82
23-->[com.onesignal:OneSignal:4.6.2] AndroidManifest.xml:17:22-79
24    <!-- Samsung -->
25    <uses-permission android:name="com.sec.android.provider.badge.permission.READ" />
25-->[com.onesignal:OneSignal:4.6.2] AndroidManifest.xml:31:5-86
25-->[com.onesignal:OneSignal:4.6.2] AndroidManifest.xml:31:22-83
26    <uses-permission android:name="com.sec.android.provider.badge.permission.WRITE" /> <!-- HTC -->
26-->[com.onesignal:OneSignal:4.6.2] AndroidManifest.xml:32:5-87
26-->[com.onesignal:OneSignal:4.6.2] AndroidManifest.xml:32:22-84
27    <uses-permission android:name="com.htc.launcher.permission.READ_SETTINGS" />
27-->[com.onesignal:OneSignal:4.6.2] AndroidManifest.xml:33:5-81
27-->[com.onesignal:OneSignal:4.6.2] AndroidManifest.xml:33:22-78
28    <uses-permission android:name="com.htc.launcher.permission.UPDATE_SHORTCUT" /> <!-- Sony -->
28-->[com.onesignal:OneSignal:4.6.2] AndroidManifest.xml:34:5-83
28-->[com.onesignal:OneSignal:4.6.2] AndroidManifest.xml:34:22-80
29    <uses-permission android:name="com.sonyericsson.home.permission.BROADCAST_BADGE" />
29-->[com.onesignal:OneSignal:4.6.2] AndroidManifest.xml:35:5-88
29-->[com.onesignal:OneSignal:4.6.2] AndroidManifest.xml:35:22-85
30    <uses-permission android:name="com.sonymobile.home.permission.PROVIDER_INSERT_BADGE" /> <!-- Apex -->
30-->[com.onesignal:OneSignal:4.6.2] AndroidManifest.xml:36:5-92
30-->[com.onesignal:OneSignal:4.6.2] AndroidManifest.xml:36:22-89
31    <uses-permission android:name="com.anddoes.launcher.permission.UPDATE_COUNT" /> <!-- Solid -->
31-->[com.onesignal:OneSignal:4.6.2] AndroidManifest.xml:37:5-84
31-->[com.onesignal:OneSignal:4.6.2] AndroidManifest.xml:37:22-81
32    <uses-permission android:name="com.majeur.launcher.permission.UPDATE_BADGE" /> <!-- Huawei -->
32-->[com.onesignal:OneSignal:4.6.2] AndroidManifest.xml:38:5-83
32-->[com.onesignal:OneSignal:4.6.2] AndroidManifest.xml:38:22-80
33    <uses-permission android:name="com.huawei.android.launcher.permission.CHANGE_BADGE" />
33-->[com.onesignal:OneSignal:4.6.2] AndroidManifest.xml:39:5-91
33-->[com.onesignal:OneSignal:4.6.2] AndroidManifest.xml:39:22-88
34    <uses-permission android:name="com.huawei.android.launcher.permission.READ_SETTINGS" />
34-->[com.onesignal:OneSignal:4.6.2] AndroidManifest.xml:40:5-92
34-->[com.onesignal:OneSignal:4.6.2] AndroidManifest.xml:40:22-89
35    <uses-permission android:name="com.huawei.android.launcher.permission.WRITE_SETTINGS" /> <!-- ZUK -->
35-->[com.onesignal:OneSignal:4.6.2] AndroidManifest.xml:41:5-93
35-->[com.onesignal:OneSignal:4.6.2] AndroidManifest.xml:41:22-90
36    <uses-permission android:name="android.permission.READ_APP_BADGE" /> <!-- OPPO -->
36-->[com.onesignal:OneSignal:4.6.2] AndroidManifest.xml:42:5-73
36-->[com.onesignal:OneSignal:4.6.2] AndroidManifest.xml:42:22-70
37    <uses-permission android:name="com.oppo.launcher.permission.READ_SETTINGS" />
37-->[com.onesignal:OneSignal:4.6.2] AndroidManifest.xml:43:5-82
37-->[com.onesignal:OneSignal:4.6.2] AndroidManifest.xml:43:22-79
38    <uses-permission android:name="com.oppo.launcher.permission.WRITE_SETTINGS" /> <!-- EvMe -->
38-->[com.onesignal:OneSignal:4.6.2] AndroidManifest.xml:44:5-83
38-->[com.onesignal:OneSignal:4.6.2] AndroidManifest.xml:44:22-80
39    <uses-permission android:name="me.everything.badger.permission.BADGE_COUNT_READ" />
39-->[com.onesignal:OneSignal:4.6.2] AndroidManifest.xml:45:5-88
39-->[com.onesignal:OneSignal:4.6.2] AndroidManifest.xml:45:22-85
40    <uses-permission android:name="me.everything.badger.permission.BADGE_COUNT_WRITE" />
40-->[com.onesignal:OneSignal:4.6.2] AndroidManifest.xml:46:5-89
40-->[com.onesignal:OneSignal:4.6.2] AndroidManifest.xml:46:22-86
41    <uses-permission android:name="android.permission.FOREGROUND_SERVICE" />
41-->[androidx.work:work-runtime:2.7.1] AndroidManifest.xml:28:5-77
41-->[androidx.work:work-runtime:2.7.1] AndroidManifest.xml:28:22-74
42    <uses-permission android:name="com.google.android.finsky.permission.BIND_GET_INSTALL_REFERRER_SERVICE" />
42-->[com.google.android.gms:play-services-measurement:20.0.0] AndroidManifest.xml:26:5-110
42-->[com.google.android.gms:play-services-measurement:20.0.0] AndroidManifest.xml:26:22-107
43
44    <application
44-->src\main\AndroidManifest.xml:3:4-42:19
45        android:appComponentFactory="androidx.core.app.CoreComponentFactory"
45-->[androidx.core:core:1.6.0] AndroidManifest.xml:24:18-86
46        android:icon="@mipmap/ic_launcher"
46-->src\main\AndroidManifest.xml:5:9-43
47        android:label="b" >
47-->src\main\AndroidManifest.xml:4:9-26
48        <activity
48-->src\main\AndroidManifest.xml:6:9-36:20
49            android:name="com.example.b.MainActivity"
49-->src\main\AndroidManifest.xml:7:13-41
50            android:configChanges="orientation|keyboardHidden|keyboard|screenSize|smallestScreenSize|locale|layoutDirection|fontScale|screenLayout|density|uiMode"
50-->src\main\AndroidManifest.xml:10:13-163
51            android:hardwareAccelerated="true"
51-->src\main\AndroidManifest.xml:11:13-47
52            android:launchMode="singleTop"
52-->src\main\AndroidManifest.xml:8:13-43
53            android:theme="@style/LaunchTheme"
53-->src\main\AndroidManifest.xml:9:13-47
54            android:windowSoftInputMode="adjustResize" >
54-->src\main\AndroidManifest.xml:12:13-55
55
56            <!--
57                 Specifies an Android theme to apply to this Activity as soon as
58                 the Android process has started. This theme is visible to the user
59                 while the Flutter UI initializes. After that, this theme continues
60                 to determine the Window background behind the Flutter UI.
61            -->
62            <meta-data
62-->src\main\AndroidManifest.xml:17:13-20:17
63                android:name="io.flutter.embedding.android.NormalTheme"
63-->src\main\AndroidManifest.xml:18:15-70
64                android:resource="@style/NormalTheme" />
64-->src\main\AndroidManifest.xml:19:15-52
65            <!--
66                 Displays an Android View that continues showing the launch screen
67                 Drawable until Flutter paints its first frame, then this splash
68                 screen fades out. A splash screen is useful to avoid any visual
69                 gap between the end of Android's launch screen and the painting of
70                 Flutter's first frame.
71            -->
72            <meta-data
72-->src\main\AndroidManifest.xml:26:13-29:17
73                android:name="io.flutter.embedding.android.SplashScreenDrawable"
73-->src\main\AndroidManifest.xml:27:15-79
74                android:resource="@drawable/launch_background" />
74-->src\main\AndroidManifest.xml:28:15-61
75
76            <intent-filter>
76-->src\main\AndroidManifest.xml:30:13-35:29
77                <action android:name="FLUTTER_NOTIFICATION_CLICK" />
77-->src\main\AndroidManifest.xml:31:17-69
77-->src\main\AndroidManifest.xml:31:25-66
78
79                <category android:name="android.intent.category.DEFAULT" />
79-->src\main\AndroidManifest.xml:32:17-76
79-->src\main\AndroidManifest.xml:32:27-73
80
81                <action android:name="android.intent.action.MAIN" />
81-->src\main\AndroidManifest.xml:33:17-68
81-->src\main\AndroidManifest.xml:33:25-66
82
83                <category android:name="android.intent.category.LAUNCHER" />
83-->src\main\AndroidManifest.xml:34:17-76
83-->src\main\AndroidManifest.xml:34:27-74
84            </intent-filter>
85        </activity>
86        <!--
87             Don't delete the meta-data below.
88             This is used by the Flutter tool to generate GeneratedPluginRegistrant.java
89        -->
90        <meta-data
90-->src\main\AndroidManifest.xml:39:9-41:33
91            android:name="flutterEmbedding"
91-->src\main\AndroidManifest.xml:40:13-44
92            android:value="2" />
92-->src\main\AndroidManifest.xml:41:13-30
93
94        <service
94-->[:firebase_database] AndroidManifest.xml:8:9-12:19
95            android:name="com.google.firebase.components.ComponentDiscoveryService"
95-->[:firebase_database] AndroidManifest.xml:8:18-89
96            android:directBootAware="true"
96-->[com.google.firebase:firebase-common:20.0.0] AndroidManifest.xml:35:13-43
97            android:exported="false" >
97-->[com.google.firebase:firebase-messaging:23.0.0] AndroidManifest.xml:51:13-37
98            <meta-data
98-->[:firebase_database] AndroidManifest.xml:9:13-11:85
99                android:name="com.google.firebase.components:io.flutter.plugins.firebase.database.FlutterFirebaseAppRegistrar"
99-->[:firebase_database] AndroidManifest.xml:10:17-127
100                android:value="com.google.firebase.components.ComponentRegistrar" />
100-->[:firebase_database] AndroidManifest.xml:11:17-82
101            <meta-data
101-->[:cloud_firestore] AndroidManifest.xml:9:13-11:85
102                android:name="com.google.firebase.components:io.flutter.plugins.firebase.firestore.FlutterFirebaseFirestoreRegistrar"
102-->[:cloud_firestore] AndroidManifest.xml:10:17-134
103                android:value="com.google.firebase.components.ComponentRegistrar" />
103-->[:cloud_firestore] AndroidManifest.xml:11:17-82
104            <meta-data
104-->[:firebase_analytics] AndroidManifest.xml:13:13-15:85
105                android:name="com.google.firebase.components:io.flutter.plugins.firebase.analytics.FlutterFirebaseAppRegistrar"
105-->[:firebase_analytics] AndroidManifest.xml:14:17-128
106                android:value="com.google.firebase.components.ComponentRegistrar" />
106-->[:firebase_analytics] AndroidManifest.xml:15:17-82
107            <meta-data
107-->[:firebase_auth] AndroidManifest.xml:9:13-11:85
108                android:name="com.google.firebase.components:io.flutter.plugins.firebase.auth.FlutterFirebaseAuthRegistrar"
108-->[:firebase_auth] AndroidManifest.xml:10:17-124
109                android:value="com.google.firebase.components.ComponentRegistrar" />
109-->[:firebase_auth] AndroidManifest.xml:11:17-82
110            <meta-data
110-->[:firebase_messaging] AndroidManifest.xml:34:13-36:85
111                android:name="com.google.firebase.components:io.flutter.plugins.firebase.messaging.FlutterFirebaseAppRegistrar"
111-->[:firebase_messaging] AndroidManifest.xml:35:17-128
112                android:value="com.google.firebase.components.ComponentRegistrar" />
112-->[:firebase_messaging] AndroidManifest.xml:36:17-82
113            <meta-data
113-->[:firebase_core] AndroidManifest.xml:9:13-11:85
114                android:name="com.google.firebase.components:io.flutter.plugins.firebase.core.FlutterFirebaseCoreRegistrar"
114-->[:firebase_core] AndroidManifest.xml:10:17-124
115                android:value="com.google.firebase.components.ComponentRegistrar" />
115-->[:firebase_core] AndroidManifest.xml:11:17-82
116            <meta-data
116-->[com.google.firebase:firebase-messaging:23.0.0] AndroidManifest.xml:52:13-54:85
117                android:name="com.google.firebase.components:com.google.firebase.messaging.FirebaseMessagingRegistrar"
117-->[com.google.firebase:firebase-messaging:23.0.0] AndroidManifest.xml:53:17-119
118                android:value="com.google.firebase.components.ComponentRegistrar" />
118-->[com.google.firebase:firebase-messaging:23.0.0] AndroidManifest.xml:54:17-82
119            <meta-data
119-->[com.google.firebase:firebase-auth:21.0.1] AndroidManifest.xml:77:13-79:85
120                android:name="com.google.firebase.components:com.google.firebase.auth.FirebaseAuthRegistrar"
120-->[com.google.firebase:firebase-auth:21.0.1] AndroidManifest.xml:78:17-109
121                android:value="com.google.firebase.components.ComponentRegistrar" />
121-->[com.google.firebase:firebase-auth:21.0.1] AndroidManifest.xml:79:17-82
122            <meta-data
122-->[com.google.firebase:firebase-firestore:24.0.0] AndroidManifest.xml:20:13-22:85
123                android:name="com.google.firebase.components:com.google.firebase.firestore.FirestoreRegistrar"
123-->[com.google.firebase:firebase-firestore:24.0.0] AndroidManifest.xml:21:17-111
124                android:value="com.google.firebase.components.ComponentRegistrar" />
124-->[com.google.firebase:firebase-firestore:24.0.0] AndroidManifest.xml:22:17-82
125            <meta-data
125-->[com.google.firebase:firebase-database:20.0.2] AndroidManifest.xml:32:13-34:85
126                android:name="com.google.firebase.components:com.google.firebase.database.DatabaseRegistrar"
126-->[com.google.firebase:firebase-database:20.0.2] AndroidManifest.xml:33:17-109
127                android:value="com.google.firebase.components.ComponentRegistrar" />
127-->[com.google.firebase:firebase-database:20.0.2] AndroidManifest.xml:34:17-82
128            <meta-data
128-->[com.google.android.gms:play-services-measurement-api:20.0.0] AndroidManifest.xml:30:13-32:85
129                android:name="com.google.firebase.components:com.google.firebase.analytics.connector.internal.AnalyticsConnectorRegistrar"
129-->[com.google.android.gms:play-services-measurement-api:20.0.0] AndroidManifest.xml:31:17-139
130                android:value="com.google.firebase.components.ComponentRegistrar" />
130-->[com.google.android.gms:play-services-measurement-api:20.0.0] AndroidManifest.xml:32:17-82
131            <meta-data
131-->[com.google.firebase:firebase-datatransport:18.0.0] AndroidManifest.xml:28:13-30:85
132                android:name="com.google.firebase.components:com.google.firebase.datatransport.TransportRegistrar"
132-->[com.google.firebase:firebase-datatransport:18.0.0] AndroidManifest.xml:29:17-115
133                android:value="com.google.firebase.components.ComponentRegistrar" />
133-->[com.google.firebase:firebase-datatransport:18.0.0] AndroidManifest.xml:30:17-82
134            <meta-data
134-->[com.google.firebase:firebase-installations:17.0.0] AndroidManifest.xml:18:13-20:85
135                android:name="com.google.firebase.components:com.google.firebase.installations.FirebaseInstallationsRegistrar"
135-->[com.google.firebase:firebase-installations:17.0.0] AndroidManifest.xml:19:17-127
136                android:value="com.google.firebase.components.ComponentRegistrar" />
136-->[com.google.firebase:firebase-installations:17.0.0] AndroidManifest.xml:20:17-82
137        </service>
138        <service
138-->[:firebase_messaging] AndroidManifest.xml:12:9-15:72
139            android:name="io.flutter.plugins.firebase.messaging.FlutterFirebaseMessagingBackgroundService"
139-->[:firebase_messaging] AndroidManifest.xml:13:13-107
140            android:exported="false"
140-->[:firebase_messaging] AndroidManifest.xml:14:13-37
141            android:permission="android.permission.BIND_JOB_SERVICE" />
141-->[:firebase_messaging] AndroidManifest.xml:15:13-69
142        <service
142-->[:firebase_messaging] AndroidManifest.xml:16:9-22:19
143            android:name="io.flutter.plugins.firebase.messaging.FlutterFirebaseMessagingService"
143-->[:firebase_messaging] AndroidManifest.xml:17:13-97
144            android:exported="false" >
144-->[:firebase_messaging] AndroidManifest.xml:18:13-37
145            <intent-filter>
145-->[:firebase_messaging] AndroidManifest.xml:19:13-21:29
146                <action android:name="com.google.firebase.MESSAGING_EVENT" />
146-->[:firebase_messaging] AndroidManifest.xml:20:17-78
146-->[:firebase_messaging] AndroidManifest.xml:20:25-75
147            </intent-filter>
148        </service>
149
150        <receiver
150-->[:firebase_messaging] AndroidManifest.xml:24:9-31:20
151            android:name="io.flutter.plugins.firebase.messaging.FlutterFirebaseMessagingReceiver"
151-->[:firebase_messaging] AndroidManifest.xml:25:13-98
152            android:exported="true"
152-->[:firebase_messaging] AndroidManifest.xml:26:13-36
153            android:permission="com.google.android.c2dm.permission.SEND" >
153-->[:firebase_messaging] AndroidManifest.xml:27:13-73
154            <intent-filter>
154-->[:firebase_messaging] AndroidManifest.xml:28:13-30:29
155                <action android:name="com.google.android.c2dm.intent.RECEIVE" />
155-->[:firebase_messaging] AndroidManifest.xml:29:17-81
155-->[:firebase_messaging] AndroidManifest.xml:29:25-78
156            </intent-filter>
157        </receiver>
158
159        <provider
159-->[:firebase_messaging] AndroidManifest.xml:39:9-43:38
160            android:name="io.flutter.plugins.firebase.messaging.FlutterFirebaseMessagingInitProvider"
160-->[:firebase_messaging] AndroidManifest.xml:40:13-102
161            android:authorities="com.example.b.flutterfirebasemessaginginitprovider"
161-->[:firebase_messaging] AndroidManifest.xml:41:13-88
162            android:exported="false"
162-->[:firebase_messaging] AndroidManifest.xml:42:13-37
163            android:initOrder="99" />
163-->[:firebase_messaging] AndroidManifest.xml:43:13-35
164        <provider
164-->[:image_picker] AndroidManifest.xml:8:9-16:20
165            android:name="io.flutter.plugins.imagepicker.ImagePickerFileProvider"
165-->[:image_picker] AndroidManifest.xml:9:13-82
166            android:authorities="com.example.b.flutter.image_provider"
166-->[:image_picker] AndroidManifest.xml:10:13-74
167            android:exported="false"
167-->[:image_picker] AndroidManifest.xml:11:13-37
168            android:grantUriPermissions="true" >
168-->[:image_picker] AndroidManifest.xml:12:13-47
169            <meta-data
169-->[:image_picker] AndroidManifest.xml:13:13-15:75
170                android:name="android.support.FILE_PROVIDER_PATHS"
170-->[:image_picker] AndroidManifest.xml:14:17-67
171                android:resource="@xml/flutter_image_picker_file_paths" />
171-->[:image_picker] AndroidManifest.xml:15:17-72
172        </provider>
173
174        <receiver
174-->[:flutter_local_notifications] AndroidManifest.xml:13:9-15:40
175            android:name="com.dexterous.flutterlocalnotifications.ScheduledNotificationReceiver"
175-->[:flutter_local_notifications] AndroidManifest.xml:14:13-97
176            android:exported="false" />
176-->[:flutter_local_notifications] AndroidManifest.xml:15:13-37
177        <receiver
177-->[:flutter_local_notifications] AndroidManifest.xml:16:9-25:20
178            android:name="com.dexterous.flutterlocalnotifications.ScheduledNotificationBootReceiver"
178-->[:flutter_local_notifications] AndroidManifest.xml:17:13-101
179            android:exported="false" >
179-->[:flutter_local_notifications] AndroidManifest.xml:18:13-37
180            <intent-filter>
180-->[:flutter_local_notifications] AndroidManifest.xml:19:13-24:29
181                <action android:name="android.intent.action.BOOT_COMPLETED" />
181-->[:flutter_local_notifications] AndroidManifest.xml:20:17-79
181-->[:flutter_local_notifications] AndroidManifest.xml:20:25-76
182                <action android:name="android.intent.action.MY_PACKAGE_REPLACED" />
182-->[:flutter_local_notifications] AndroidManifest.xml:21:17-84
182-->[:flutter_local_notifications] AndroidManifest.xml:21:25-81
183                <action android:name="android.intent.action.QUICKBOOT_POWERON" />
183-->[:flutter_local_notifications] AndroidManifest.xml:22:17-82
183-->[:flutter_local_notifications] AndroidManifest.xml:22:25-79
184                <action android:name="com.htc.intent.action.QUICKBOOT_POWERON" />
184-->[:flutter_local_notifications] AndroidManifest.xml:23:17-82
184-->[:flutter_local_notifications] AndroidManifest.xml:23:25-79
185            </intent-filter>
186        </receiver>
187        <receiver
187-->[com.onesignal:OneSignal:4.6.2] AndroidManifest.xml:49:9-60:20
188            android:name="com.onesignal.FCMBroadcastReceiver"
188-->[com.onesignal:OneSignal:4.6.2] AndroidManifest.xml:50:13-62
189            android:exported="true"
189-->[com.onesignal:OneSignal:4.6.2] AndroidManifest.xml:51:13-36
190            android:permission="com.google.android.c2dm.permission.SEND" >
190-->[com.onesignal:OneSignal:4.6.2] AndroidManifest.xml:52:13-73
191
192            <!-- High priority so OneSignal payloads can be filtered from other FCM receivers -->
193            <intent-filter android:priority="999" >
193-->[com.onesignal:OneSignal:4.6.2] AndroidManifest.xml:55:13-59:29
193-->[com.onesignal:OneSignal:4.6.2] AndroidManifest.xml:55:28-50
194                <action android:name="com.google.android.c2dm.intent.RECEIVE" />
194-->[:firebase_messaging] AndroidManifest.xml:29:17-81
194-->[:firebase_messaging] AndroidManifest.xml:29:25-78
195
196                <category android:name="com.example.b" />
196-->[com.onesignal:OneSignal:4.6.2] AndroidManifest.xml:58:17-61
196-->[com.onesignal:OneSignal:4.6.2] AndroidManifest.xml:58:27-58
197            </intent-filter>
198        </receiver>
199
200        <service
200-->[com.onesignal:OneSignal:4.6.2] AndroidManifest.xml:62:9-68:19
201            android:name="com.onesignal.HmsMessageServiceOneSignal"
201-->[com.onesignal:OneSignal:4.6.2] AndroidManifest.xml:63:13-68
202            android:exported="false" >
202-->[com.onesignal:OneSignal:4.6.2] AndroidManifest.xml:64:13-37
203            <intent-filter>
203-->[com.onesignal:OneSignal:4.6.2] AndroidManifest.xml:65:13-67:29
204                <action android:name="com.huawei.push.action.MESSAGING_EVENT" />
204-->[com.onesignal:OneSignal:4.6.2] AndroidManifest.xml:66:17-81
204-->[com.onesignal:OneSignal:4.6.2] AndroidManifest.xml:66:25-78
205            </intent-filter>
206        </service>
207
208        <activity
208-->[com.onesignal:OneSignal:4.6.2] AndroidManifest.xml:70:9-78:20
209            android:name="com.onesignal.NotificationOpenedActivityHMS"
209-->[com.onesignal:OneSignal:4.6.2] AndroidManifest.xml:71:13-71
210            android:exported="true"
210-->[com.onesignal:OneSignal:4.6.2] AndroidManifest.xml:72:13-36
211            android:noHistory="true"
211-->[com.onesignal:OneSignal:4.6.2] AndroidManifest.xml:73:13-37
212            android:theme="@android:style/Theme.Translucent.NoTitleBar" >
212-->[com.onesignal:OneSignal:4.6.2] AndroidManifest.xml:74:13-72
213            <intent-filter>
213-->[com.onesignal:OneSignal:4.6.2] AndroidManifest.xml:75:13-77:29
214                <action android:name="android.intent.action.VIEW" />
214-->[com.onesignal:OneSignal:4.6.2] AndroidManifest.xml:76:17-69
214-->[com.onesignal:OneSignal:4.6.2] AndroidManifest.xml:76:25-66
215            </intent-filter>
216        </activity>
217
218        <service
218-->[com.onesignal:OneSignal:4.6.2] AndroidManifest.xml:80:9-82:40
219            android:name="com.onesignal.FCMIntentService"
219-->[com.onesignal:OneSignal:4.6.2] AndroidManifest.xml:81:13-58
220            android:exported="false" />
220-->[com.onesignal:OneSignal:4.6.2] AndroidManifest.xml:82:13-37
221        <service
221-->[com.onesignal:OneSignal:4.6.2] AndroidManifest.xml:83:9-86:72
222            android:name="com.onesignal.FCMIntentJobService"
222-->[com.onesignal:OneSignal:4.6.2] AndroidManifest.xml:84:13-61
223            android:exported="false"
223-->[com.onesignal:OneSignal:4.6.2] AndroidManifest.xml:85:13-37
224            android:permission="android.permission.BIND_JOB_SERVICE" />
224-->[com.onesignal:OneSignal:4.6.2] AndroidManifest.xml:86:13-69
225        <service
225-->[com.onesignal:OneSignal:4.6.2] AndroidManifest.xml:87:9-90:43
226            android:name="com.onesignal.FocusDelaySyncService"
226-->[com.onesignal:OneSignal:4.6.2] AndroidManifest.xml:88:13-63
227            android:exported="false"
227-->[com.onesignal:OneSignal:4.6.2] AndroidManifest.xml:89:13-37
228            android:stopWithTask="true" />
228-->[com.onesignal:OneSignal:4.6.2] AndroidManifest.xml:90:13-40
229        <service
229-->[com.onesignal:OneSignal:4.6.2] AndroidManifest.xml:91:9-94:72
230            android:name="com.onesignal.FocusDelaySyncJobService"
230-->[com.onesignal:OneSignal:4.6.2] AndroidManifest.xml:92:13-66
231            android:exported="false"
231-->[com.onesignal:OneSignal:4.6.2] AndroidManifest.xml:93:13-37
232            android:permission="android.permission.BIND_JOB_SERVICE" />
232-->[com.onesignal:OneSignal:4.6.2] AndroidManifest.xml:94:13-69
233        <service
233-->[com.onesignal:OneSignal:4.6.2] AndroidManifest.xml:95:9-98:43
234            android:name="com.onesignal.SyncService"
234-->[com.onesignal:OneSignal:4.6.2] AndroidManifest.xml:96:13-53
235            android:exported="false"
235-->[com.onesignal:OneSignal:4.6.2] AndroidManifest.xml:97:13-37
236            android:stopWithTask="true" />
236-->[com.onesignal:OneSignal:4.6.2] AndroidManifest.xml:98:13-40
237        <service
237-->[com.onesignal:OneSignal:4.6.2] AndroidManifest.xml:99:9-102:72
238            android:name="com.onesignal.SyncJobService"
238-->[com.onesignal:OneSignal:4.6.2] AndroidManifest.xml:100:13-56
239            android:exported="false"
239-->[com.onesignal:OneSignal:4.6.2] AndroidManifest.xml:101:13-37
240            android:permission="android.permission.BIND_JOB_SERVICE" />
240-->[com.onesignal:OneSignal:4.6.2] AndroidManifest.xml:102:13-69
241
242        <activity
242-->[com.onesignal:OneSignal:4.6.2] AndroidManifest.xml:104:9-107:75
243            android:name="com.onesignal.PermissionsActivity"
243-->[com.onesignal:OneSignal:4.6.2] AndroidManifest.xml:105:13-61
244            android:exported="false"
244-->[com.onesignal:OneSignal:4.6.2] AndroidManifest.xml:106:13-37
245            android:theme="@android:style/Theme.Translucent.NoTitleBar" />
245-->[com.onesignal:OneSignal:4.6.2] AndroidManifest.xml:107:13-72
246
247        <receiver
247-->[com.onesignal:OneSignal:4.6.2] AndroidManifest.xml:109:9-111:39
248            android:name="com.onesignal.NotificationDismissReceiver"
248-->[com.onesignal:OneSignal:4.6.2] AndroidManifest.xml:110:13-69
249            android:exported="true" />
249-->[com.onesignal:OneSignal:4.6.2] AndroidManifest.xml:111:13-36
250        <receiver
250-->[com.onesignal:OneSignal:4.6.2] AndroidManifest.xml:112:9-119:20
251            android:name="com.onesignal.BootUpReceiver"
251-->[com.onesignal:OneSignal:4.6.2] AndroidManifest.xml:113:13-56
252            android:exported="true" >
252-->[com.onesignal:OneSignal:4.6.2] AndroidManifest.xml:114:13-36
253            <intent-filter>
253-->[com.onesignal:OneSignal:4.6.2] AndroidManifest.xml:115:13-118:29
254                <action android:name="android.intent.action.BOOT_COMPLETED" />
254-->[:flutter_local_notifications] AndroidManifest.xml:20:17-79
254-->[:flutter_local_notifications] AndroidManifest.xml:20:25-76
255                <action android:name="android.intent.action.QUICKBOOT_POWERON" />
255-->[:flutter_local_notifications] AndroidManifest.xml:22:17-82
255-->[:flutter_local_notifications] AndroidManifest.xml:22:25-79
256            </intent-filter>
257        </receiver>
258        <receiver
258-->[com.onesignal:OneSignal:4.6.2] AndroidManifest.xml:120:9-126:20
259            android:name="com.onesignal.UpgradeReceiver"
259-->[com.onesignal:OneSignal:4.6.2] AndroidManifest.xml:121:13-57
260            android:exported="true" >
260-->[com.onesignal:OneSignal:4.6.2] AndroidManifest.xml:122:13-36
261            <intent-filter>
261-->[com.onesignal:OneSignal:4.6.2] AndroidManifest.xml:123:13-125:29
262                <action android:name="android.intent.action.MY_PACKAGE_REPLACED" />
262-->[:flutter_local_notifications] AndroidManifest.xml:21:17-84